app/build/outputs/mapping/release/mapping.txt
# compiler: R8
# compiler_version: 8.2.33
# min_api: 19
# common_typos_disable
# {"id":"com.android.tools.r8.mapping","version":"2.2"}
# pg_map_id: 18b518f
# pg_map_hash: SHA-256 18b518f79e16e14c953013c3bc2e9884449b6e330ea825e1e1d7944ee7665935
com.flashviptips.twa.Application -> com.flashviptips.twa.Application:
# {"id":"sourceFile","fileName":"Application.java"}
com.flashviptips.twa.DelegationService -> com.flashviptips.twa.DelegationService:
# {"id":"sourceFile","fileName":"DelegationService.java"}
com.flashviptips.twa.LauncherActivity -> com.flashviptips.twa.LauncherActivity:
# {"id":"sourceFile","fileName":"LauncherActivity.java"}
    1:1:android.net.Uri getLaunchingUrl():0:0 -> h
...
com.google.androidbrowserhelper.trusted.ManageDataLauncherActivity$$ExternalSyntheticApiModelOutline0 -> m.j:
# {"id":"sourceFile","fileName":"R8$$SyntheticClass"}
# {"id":"com.android.tools.r8.synthesized"}
    1:1:java.lang.Class com.google.androidbrowserhelper.trusted.ManageDataLauncherActivity$$InternalSyntheticApiModelOutline$2$18e926cedd628e2ea53b89cbfe4794181a1b8a51c1c7aad0979cc3489d3e6df4$0.m():0:0 -> a
      # {"id":"com.android.tools.r8.synthesized"}
com.google.androidbrowserhelper.trusted.ManageDataLauncherActivity$$ExternalSyntheticApiModelOutline1 -> m.l:
# {"id":"sourceFile","fileName":"R8$$SyntheticClass"}
# {"id":"com.android.tools.r8.synthesized"}
    1:1:java.lang.Object com.google.androidbrowserhelper.trusted.ManageDataLauncherActivity$$InternalSyntheticApiModelOutline$2$18e926cedd628e2ea53b89cbfe4794181a1b8a51c1c7aad0979cc3489d3e6df4$1.m(android.content.Context,java.lang.Class):0:0 -> a
      # {"id":"com.android.tools.r8.synthesized"}
com.google.androidbrowserhelper.trusted.ManageDataLauncherActivity$$ExternalSyntheticApiModelOutline10 -> m.k:
# {"id":"sourceFile","fileName":"R8$$SyntheticClass"}
# {"id":"com.android.tools.r8.synthesized"}
    1:1:android.content.pm.ShortcutInfo com.google.androidbrowserhelper.trusted.ManageDataLauncherActivity$$InternalSyntheticApiModelOutline$3$95b52ea88ca511d50847903087a59db1bc9866d766af86b9000496d2da769cbf$5.m(android.content.pm.ShortcutInfo$Builder):0:0 -> a
      # {"id":"com.android.tools.r8.synthesized"}
com.google.androidbrowserhelper.trusted.ManageDataLauncherActivity$$ExternalSyntheticApiModelOutline2 -> m.m:
# {"id":"sourceFile","fileName":"R8$$SyntheticClass"}
# {"id":"com.android.tools.r8.synthesized"}
    1:1:android.content.pm.ShortcutManager com.google.androidbrowserhelper.trusted.ManageDataLauncherActivity$$InternalSyntheticApiModelOutline$2$18e926cedd628e2ea53b89cbfe4794181a1b8a51c1c7aad0979cc3489d3e6df4$2.m(java.lang.Object):0:0 -> a
      # {"id":"com.android.tools.r8.synthesized"}
com.google.androidbrowserhelper.trusted.ManageDataLauncherActivity$$ExternalSyntheticApiModelOutline3 -> m.n:
# {"id":"sourceFile","fileName":"R8$$SyntheticClass"}
# {"id":"com.android.tools.r8.synthesized"}
    1:1:void com.google.androidbrowserhelper.trusted.ManageDataLauncherActivity$$InternalSyntheticApiModelOutline$2$18e926cedd628e2ea53b89cbfe4794181a1b8a51c1c7aad0979cc3489d3e6df4$3.m(android.content.pm.ShortcutManager,java.util.List):0:0 -> a
      # {"id":"com.android.tools.r8.synthesized"}
com.google.androidbrowserhelper.trusted.ManageDataLauncherActivity$$ExternalSyntheticApiModelOutline4 -> m.o:
# {"id":"sourceFile","fileName":"R8$$SyntheticClass"}
# {"id":"com.android.tools.r8.synthesized"}
    1:1:boolean com.google.androidbrowserhelper.trusted.ManageDataLauncherActivity$$InternalSyntheticApiModelOutline$2$18e926cedd628e2ea53b89cbfe4794181a1b8a51c1c7aad0979cc3489d3e6df4$5.m(android.content.pm.ShortcutManager,java.util.List):0:0 -> a
      # {"id":"com.android.tools.r8.synthesized"}
com.google.androidbrowserhelper.trusted.ManageDataLauncherActivity$$ExternalSyntheticApiModelOutline5 -> m.p:
# {"id":"sourceFile","fileName":"R8$$SyntheticClass"}
# {"id":"com.android.tools.r8.synthesized"}
    1:1:android.content.pm.ShortcutInfo$Builder com.google.androidbrowserhelper.trusted.ManageDataLauncherActivity$$InternalSyntheticApiModelOutline$3$95b52ea88ca511d50847903087a59db1bc9866d766af86b9000496d2da769cbf$0.m(android.content.pm.ShortcutInfo$Builder,java.lang.CharSequence):0:0 -> a
      # {"id":"com.android.tools.r8.synthesized"}