app/build/outputs/mapping/release/usage.txt
com.flashviptips.twa.R$bool
com.flashviptips.twa.R$color
com.flashviptips.twa.R$drawable
com.flashviptips.twa.R$integer
com.flashviptips.twa.R$mipmap
com.flashviptips.twa.R$raw
com.flashviptips.twa.R$string
com.flashviptips.twa.R$xml
com.flashviptips.twa.R
...
androidx.core.view.OneShotPreDrawListener
androidx.core.view.PointerIconCompat
androidx.core.view.ScaleGestureDetectorCompat
androidx.core.view.ScrollingView
androidx.core.view.TintableBackgroundView
androidx.core.view.VelocityTrackerCompat
androidx.core.view.ViewCompat$1
androidx.core.view.ViewCompat$2
androidx.core.view.ViewCompat$3
androidx.core.view.ViewCompat$4
androidx.core.view.ViewCompat$5
androidx.core.view.ViewCompat$AccessibilityPaneVisibilityManager
androidx.core.view.ViewCompat$AccessibilityViewProperty
androidx.core.view.ViewCompat$FocusDirection
androidx.core.view.ViewCompat$FocusRealDirection
androidx.core.view.ViewCompat$FocusRelativeDirection
androidx.core.view.ViewCompat$NestedScrollType
androidx.core.view.ViewCompat$OnUnhandledKeyEventListenerCompat
androidx.core.view.ViewCompat$ScrollAxis
androidx.core.view.ViewCompat$ScrollIndicators
androidx.core.view.ViewCompat$UnhandledKeyEventManager
androidx.core.view.ViewCompat
androidx.core.view.ViewConfigurationCompat
androidx.core.view.ViewGroupCompat
androidx.core.view.ViewParentCompat
androidx.core.view.ViewPropertyAnimatorCompat$1
androidx.core.view.ViewPropertyAnimatorCompat$2
androidx.core.view.ViewPropertyAnimatorCompat$ViewPropertyAnimatorListenerApi14
androidx.core.view.ViewPropertyAnimatorCompat
androidx.core.view.ViewPropertyAnimatorListener
androidx.core.view.ViewPropertyAnimatorListenerAdapter
androidx.core.view.ViewPropertyAnimatorUpdateListener
androidx.core.view.WindowCompat
androidx.core.view.WindowInsetsCompat
androidx.core.view.accessibility.AccessibilityClickableSpanCompat
androidx.core.view.accessibility.AccessibilityEventCompat
androidx.core.view.accessibility.AccessibilityManagerCompat$AccessibilityStateChangeListener
androidx.core.view.accessibility.AccessibilityManagerCompat$AccessibilityStateChangeListenerCompat
androidx.core.view.accessibility.AccessibilityManagerCompat$AccessibilityStateChangeListenerWrapper
androidx.core.view.accessibility.AccessibilityManagerCompat$TouchExplorationStateChangeListener
androidx.core.view.accessibility.AccessibilityManagerCompat$TouchExplorationStateChangeListenerWrapper
androidx.core.view.accessibility.AccessibilityManagerCompat
androidx.core.view.accessibility.AccessibilityNodeInfoCompat$AccessibilityActionCompat
androidx.core.view.accessibility.AccessibilityNodeInfoCompat$CollectionInfoCompat
androidx.core.view.accessibility.AccessibilityNodeInfoCompat$CollectionItemInfoCompat
androidx.core.view.accessibility.AccessibilityNodeInfoCompat$RangeInfoCompat
androidx.core.view.accessibility.AccessibilityNodeInfoCompat
androidx.core.view.accessibility.AccessibilityNodeProviderCompat$AccessibilityNodeProviderApi16
androidx.core.view.accessibility.AccessibilityNodeProviderCompat$AccessibilityNodeProviderApi19
androidx.core.view.accessibility.AccessibilityNodeProviderCompat
androidx.core.view.accessibility.AccessibilityRecordCompat
androidx.core.view.accessibility.AccessibilityViewCommand$CommandArguments
androidx.core.view.accessibility.AccessibilityViewCommand$MoveAtGranularityArguments
androidx.core.view.accessibility.AccessibilityViewCommand$MoveHtmlArguments
androidx.core.view.accessibility.AccessibilityViewCommand$MoveWindowArguments
androidx.core.view.accessibility.AccessibilityViewCommand$ScrollToPositionArguments
androidx.core.view.accessibility.AccessibilityViewCommand$SetProgressArguments
androidx.core.view.accessibility.AccessibilityViewCommand$SetSelectionArguments
androidx.core.view.accessibility.AccessibilityViewCommand$SetTextArguments
androidx.core.view.accessibility.AccessibilityViewCommand
androidx.core.view.accessibility.AccessibilityWindowInfoCompat
androidx.core.view.animation.PathInterpolatorApi14
androidx.core.view.animation.PathInterpolatorCompat
androidx.core.view.inputmethod.EditorInfoCompat
androidx.core.view.inputmethod.InputConnectionCompat$1
androidx.core.view.inputmethod.InputConnectionCompat$2
androidx.core.view.inputmethod.InputConnectionCompat$OnCommitContentListener